src/actions/articles.ts(80,11): error TS2353: Object literal may only specify known properties, and 'avatarUrl' does not exist in type 'userSelect<DefaultArgs>'.
src/actions/articles.ts(94,15): error TS2353: Object literal may only specify known properties, and 'avatarUrl' does not exist in type 'userSelect<DefaultArgs>'.
src/actions/articles.ts(187,11): error TS2353: Object literal may only specify known properties, and 'avatarUrl' does not exist in type 'userSelect<DefaultArgs>'.
src/actions/articles.ts(201,15): error TS2353: Object literal may only specify known properties, and 'avatarUrl' does not exist in type 'userSelect<DefaultArgs>'.
src/actions/articles.ts(276,13): error TS2353: Object literal may only specify known properties, and 'avatarUrl' does not exist in type 'userSelect<DefaultArgs>'.
src/actions/articles.ts(290,17): error TS2353: Object literal may only specify known properties, and 'avatarUrl' does not exist in type 'userSelect<DefaultArgs>'.
src/actions/articles.ts(299,21): error TS2353: Object literal may only specify known properties, and 'avatarUrl' does not exist in type 'userSelect<DefaultArgs>'.
src/actions/articles.ts(319,13): error TS2561: Object literal may only specify known properties, but 'Comment' does not exist in type 'ArticleCountOutputTypeSelect<DefaultArgs>'. Did you mean to write 'comments'?
src/actions/articles.ts(426,15): error TS2353: Object literal may only specify known properties, and 'avatarUrl' does not exist in type 'userSelect<DefaultArgs>'.
src/actions/articles.ts(436,15): error TS2561: Object literal may only specify known properties, but 'Comment' does not exist in type 'ArticleCountOutputTypeSelect<DefaultArgs>'. Did you mean to write 'comments'?
src/actions/articles.ts(446,17): error TS2352: Conversion of type '{ id: string; body: string; createdAt: Date; updatedAt: Date; title: string; description: string | null; coverImage: string | null; published: boolean; slug: string; authorId: string; readingTime: number | null; viewCount: number; }[]' to type 'ArticleListItem[]' may be a mistake because neither type sufficiently overlaps with the other. If this was intentional, convert the expression to 'unknown' first.
  Type '{ id: string; body: string; createdAt: Date; updatedAt: Date; title: string; description: string | null; coverImage: string | null; published: boolean; slug: string; authorId: string; readingTime: number | null; viewCount: number; }' is missing the following properties from type 'ArticleListItem': author, tags, _count
src/actions/articles.ts(489,13): error TS2353: Object literal may only specify known properties, and 'avatarUrl' does not exist in type 'userSelect<DefaultArgs>'.
src/actions/articles.ts(499,13): error TS2561: Object literal may only specify known properties, but 'Comment' does not exist in type 'ArticleCountOutputTypeSelect<DefaultArgs>'. Did you mean to write 'comments'?
src/actions/articles.ts(506,12): error TS2352: Conversion of type '{ id: string; body: string; createdAt: Date; updatedAt: Date; title: string; description: string | null; coverImage: string | null; published: boolean; slug: string; authorId: string; readingTime: number | null; viewCount: number; }[]' to type 'ArticleListItem[]' may be a mistake because neither type sufficiently overlaps with the other. If this was intentional, convert the expression to 'unknown' first.
  Type '{ id: string; body: string; createdAt: Date; updatedAt: Date; title: string; description: string | null; coverImage: string | null; published: boolean; slug: string; authorId: string; readingTime: number | null; viewCount: number; }' is missing the following properties from type 'ArticleListItem': author, tags, _count
src/actions/articles.ts(579,11): error TS2353: Object literal may only specify known properties, and 'avatarUrl' does not exist in type 'userSelect<DefaultArgs>'.
src/actions/articles.ts(593,15): error TS2353: Object literal may only specify known properties, and 'avatarUrl' does not exist in type 'userSelect<DefaultArgs>'.
src/actions/auth.ts(44,5): error TS2322: Type '{ email: string; username: string; passwordHash: string; }' is not assignable to type '(Without<userCreateInput, userUncheckedCreateInput> & userUncheckedCreateInput) | (Without<...> & userCreateInput)'.
  Type '{ email: string; username: string; passwordHash: string; }' is not assignable to type 'Without<userUncheckedCreateInput, userCreateInput> & userCreateInput'.
    Type '{ email: string; username: string; passwordHash: string; }' is missing the following properties from type 'userCreateInput': id, updatedAt
src/actions/bookmarks.ts(91,12): error TS2352: Conversion of type '{ id: string; body: string; createdAt: Date; updatedAt: Date; title: string; description: string | null; coverImage: string | null; published: boolean; slug: string; authorId: string; readingTime: number | null; viewCount: number; }[]' to type 'ArticleListItem[]' may be a mistake because neither type sufficiently overlaps with the other. If this was intentional, convert the expression to 'unknown' first.
  Type '{ id: string; body: string; createdAt: Date; updatedAt: Date; title: string; description: string | null; coverImage: string | null; published: boolean; slug: string; authorId: string; readingTime: number | null; viewCount: number; }' is missing the following properties from type 'ArticleListItem': author, tags, _count
src/actions/comments.ts(66,11): error TS2353: Object literal may only specify known properties, and 'avatarUrl' does not exist in type 'userSelect<DefaultArgs>'.
src/actions/comments.ts(112,11): error TS2353: Object literal may only specify known properties, and 'avatarUrl' does not exist in type 'userSelect<DefaultArgs>'.
src/actions/comments.ts(162,13): error TS2353: Object literal may only specify known properties, and 'avatarUrl' does not exist in type 'userSelect<DefaultArgs>'.
src/actions/comments.ts(171,17): error TS2353: Object literal may only specify known properties, and 'avatarUrl' does not exist in type 'userSelect<DefaultArgs>'.
src/actions/comments.ts(180,21): error TS2353: Object literal may only specify known properties, and 'avatarUrl' does not exist in type 'userSelect<DefaultArgs>'.
src/actions/comments.ts(223,11): error TS2353: Object literal may only specify known properties, and 'avatarUrl' does not exist in type 'userSelect<DefaultArgs>'.
src/actions/follows.ts(4,23): error TS2305: Module '"@/lib/auth"' has no exported member 'getCurrentUser'.
src/actions/follows.ts(139,13): error TS2353: Object literal may only specify known properties, and 'avatarUrl' does not exist in type 'userSelect<DefaultArgs>'.
src/actions/follows.ts(150,54): error TS2551: Property 'follower' does not exist on type '{ id: string; createdAt: Date; followerId: string; followingId: string; }'. Did you mean 'followerId'?
src/actions/follows.ts(198,13): error TS2353: Object literal may only specify known properties, and 'avatarUrl' does not exist in type 'userSelect<DefaultArgs>'.
src/actions/follows.ts(209,54): error TS2551: Property 'following' does not exist on type '{ id: string; createdAt: Date; followerId: string; followingId: string; }'. Did you mean 'followingId'?
src/actions/search.ts(109,15): error TS2353: Object literal may only specify known properties, and 'avatarUrl' does not exist in type 'userSelect<DefaultArgs>'.
src/actions/search.ts(129,17): error TS2352: Conversion of type '{ id: string; body: string; createdAt: Date; updatedAt: Date; title: string; description: string | null; coverImage: string | null; published: boolean; slug: string; authorId: string; readingTime: number | null; viewCount: number; }[]' to type 'ArticleListItem[]' may be a mistake because neither type sufficiently overlaps with the other. If this was intentional, convert the expression to 'unknown' first.
  Type '{ id: string; body: string; createdAt: Date; updatedAt: Date; title: string; description: string | null; coverImage: string | null; published: boolean; slug: string; authorId: string; readingTime: number | null; viewCount: number; }' is missing the following properties from type 'ArticleListItem': author, tags, _count
src/actions/users.ts(18,7): error TS2353: Object literal may only specify known properties, and 'avatarUrl' does not exist in type 'userSelect<DefaultArgs>'.
src/actions/users.ts(46,15): error TS2339: Property '_count' does not exist on type '{ id: string; name: string | null; email: string; username: string; role: UserRole; emailVerified: boolean | null; image: string | null; createdAt: Date; updatedAt: Date; bio: string | null; passwordHash: string | null; }'.
src/actions/users.ts(63,7): error TS2353: Object literal may only specify known properties, and 'avatarUrl' does not exist in type 'userSelect<DefaultArgs>'.
src/actions/users.ts(91,15): error TS2339: Property '_count' does not exist on type '{ id: string; name: string | null; email: string; username: string; role: UserRole; emailVerified: boolean | null; image: string | null; createdAt: Date; updatedAt: Date; bio: string | null; passwordHash: string | null; }'.
src/actions/users.ts(114,7): error TS2353: Object literal may only specify known properties, and 'avatarUrl' does not exist in type '(Without<userUpdateInput, userUncheckedUpdateInput> & userUncheckedUpdateInput) | (Without<...> & userUpdateInput)'.
src/actions/users.ts(120,7): error TS2353: Object literal may only specify known properties, and 'avatarUrl' does not exist in type 'userSelect<DefaultArgs>'.
src/actions/users.ts(146,18): error TS2339: Property '_count' does not exist on type '{ id: string; name: string | null; email: string; username: string; role: UserRole; emailVerified: boolean | null; image: string | null; createdAt: Date; updatedAt: Date; bio: string | null; passwordHash: string | null; }'.
src/actions/users.ts(181,9): error TS2353: Object literal may only specify known properties, and 'avatarUrl' does not exist in type 'userSelect<DefaultArgs>'.
src/app/dashboard/page.tsx(51,11): error TS2322: Type '{ id: string; email: string; username: string; role: string; name?: string | null | undefined; image?: string | null | undefined; }' is not assignable to type 'SessionUser'.
  Types of property 'role' are incompatible.
    Type 'string' is not assignable to type 'UserRole | undefined'.
src/app/page.tsx(48,48): error TS2322: Type '{ id: string; name: string | null; email: string; username: string; role: UserRole; emailVerified: boolean | null; image: string | null; createdAt: Date; updatedAt: Date; bio: string | null; passwordHash: string | null; }[]' is not assignable to type 'PopularAuthor[]'.
  Type '{ id: string; name: string | null; email: string; username: string; role: UserRole; emailVerified: boolean | null; image: string | null; createdAt: Date; updatedAt: Date; bio: string | null; passwordHash: string | null; }' is missing the following properties from type 'PopularAuthor': avatarUrl, _count
